<?xml version="1.0" encoding="UTF-8"?>
<!-- Generated by org.testng.reporters.JUnitReportReporter -->
<testsuite hostname="IT1906387" failures="0" tests="1" name="com.guru99.test.HomePage" time="5.811" errors="0" timestamp="2023-10-09T01:40:58 GST" skipped="0">
  <testcase classname="com.guru99.test.HomePage" name="verifyLogin" time="5.811"/>
</testsuite> <!-- com.guru99.test.HomePage -->
